<?xml version="1.0" encoding="UTF-8"?>
<!-- Generated by org.testng.reporters.JUnitXMLReporter -->
<testsuite ignored="18" hostname="LTIN509153" failures="0" tests="10" name="Test" time="169.42" errors="0" timestamp="2024-04-02T18:00:54 IST">
  <testcase classname="com.outreach.testcases.CaptureUserInfo" name="getInfo" time="21.847"/>
  <testcase classname="com.outreach.testcases.ClickOneCognizant" name="verifyOneCogni" time="20.372"/>
  <testcase classname="com.outreach.testcases.NavigateToOutReach" name="navigate_outreach" time="14.096"/>
  <testcase classname="com.outreach.testcases.MenusAndSubmenus" name="print_menu" time="10.2"/>
  <testcase classname="com.outreach.testcases.MenusAndSubmenus" name="print_submenu" time="2.36"/>
  <testcase classname="com.outreach.testcases.IntrestEvents" name="print_interest" time="11.617"/>
  <testcase classname="com.outreach.testcases.SearchFilterValidation" name="validate" time="30.429"/>
  <testcase classname="com.outreach.testcases.RandomLocation" name="validate" time="23.346"/>
  <testcase classname="com.outreach.testcases.SelectMyVolunteering" name="click_vol" time="1.004"/>
  <testcase classname="com.outreach.testcases.GetVolunteerCards" name="fetch_cards" time="10.463"/>
  <testcase classname="com.outreach.testcases.BaseTest" name="@BeforeTest setup" time="0.0">
    <ignored/>
  </testcase> <!-- @BeforeTest setup -->
  <testcase classname="com.outreach.testcases.BaseTest" name="@AfterTest tearDown" time="0.0">
    <ignored/>
  </testcase> <!-- @AfterTest tearDown -->
  <testcase classname="com.outreach.testcases.BaseTest" name="@AfterTest tearDown" time="0.0">
    <ignored/>
  </testcase> <!-- @AfterTest tearDown -->
  <testcase classname="com.outreach.testcases.BaseTest" name="@BeforeTest setup" time="0.0">
    <ignored/>
  </testcase> <!-- @BeforeTest setup -->
  <testcase classname="com.outreach.testcases.BaseTest" name="@BeforeTest setup" time="0.0">
    <ignored/>
  </testcase> <!-- @BeforeTest setup -->
  <testcase classname="com.outreach.testcases.BaseTest" name="@AfterTest tearDown" time="0.0">
    <ignored/>
  </testcase> <!-- @AfterTest tearDown -->
  <testcase classname="com.outreach.testcases.BaseTest" name="@AfterTest tearDown" time="0.0">
    <ignored/>
  </testcase> <!-- @AfterTest tearDown -->
  <testcase classname="com.outreach.testcases.BaseTest" name="@BeforeTest setup" time="0.0">
    <ignored/>
  </testcase> <!-- @BeforeTest setup -->
  <testcase classname="com.outreach.testcases.BaseTest" name="@BeforeTest setup" time="0.0">
    <ignored/>
  </testcase> <!-- @BeforeTest setup -->
  <testcase classname="com.outreach.testcases.BaseTest" name="@BeforeTest setup" time="0.0">
    <ignored/>
  </testcase> <!-- @BeforeTest setup -->
  <testcase classname="com.outreach.testcases.BaseTest" name="@AfterTest tearDown" time="0.0">
    <ignored/>
  </testcase> <!-- @AfterTest tearDown -->
  <testcase classname="com.outreach.testcases.BaseTest" name="@AfterTest tearDown" time="0.0">
    <ignored/>
  </testcase> <!-- @AfterTest tearDown -->
  <testcase classname="com.outreach.testcases.BaseTest" name="@BeforeTest setup" time="0.0">
    <ignored/>
  </testcase> <!-- @BeforeTest setup -->
  <testcase classname="com.outreach.testcases.BaseTest" name="@AfterTest tearDown" time="0.0">
    <ignored/>
  </testcase> <!-- @AfterTest tearDown -->
  <testcase classname="com.outreach.testcases.BaseTest" name="@AfterTest tearDown" time="0.0">
    <ignored/>
  </testcase> <!-- @AfterTest tearDown -->
  <testcase classname="com.outreach.testcases.BaseTest" name="@BeforeTest setup" time="0.0">
    <ignored/>
  </testcase> <!-- @BeforeTest setup -->
  <testcase classname="com.outreach.testcases.BaseTest" name="@AfterTest tearDown" time="0.0">
    <ignored/>
  </testcase> <!-- @AfterTest tearDown -->
  <testcase classname="com.outreach.testcases.BaseTest" name="@BeforeTest setup" time="0.0">
    <ignored/>
  </testcase> <!-- @BeforeTest setup -->
</testsuite> <!-- Test -->
