<?xml version="1.0" encoding="UTF-8"?>
<!-- Generated by org.testng.reporters.JUnitXMLReporter -->
<testsuite ignored="18" hostname="LTIN509153" failures="0" tests="10" name="Test1" time="6.987" errors="0" timestamp="2024-04-02T10:55:09 IST">
  <testcase classname="com.outreach.testcases.Test_1_capture_user_info" name="getInfo" time="0.0">
    <skipped/>
  </testcase> <!-- getInfo -->
  <testcase classname="com.outreach.testcases.Test_2_click_onecog" name="verifyOneCogni" time="0.0">
    <skipped/>
  </testcase> <!-- verifyOneCogni -->
  <testcase classname="com.outreach.testcases.Test_3_Navigate_to_outreach" name="navigate_outreach" time="0.0">
    <skipped/>
  </testcase> <!-- navigate_outreach -->
  <testcase classname="com.outreach.testcases.Test_4_print_menus_submenus" name="print_menu" time="0.0">
    <skipped/>
  </testcase> <!-- print_menu -->
  <testcase classname="com.outreach.testcases.Test_4_print_menus_submenus" name="print_submenu" time="0.0">
    <skipped/>
  </testcase> <!-- print_submenu -->
  <testcase classname="com.outreach.testcases.Test_5_print_interest" name="print_interest" time="0.0">
    <skipped/>
  </testcase> <!-- print_interest -->
  <testcase classname="com.outreach.testcases.Test_6_validate_search_filter" name="validate" time="0.0">
    <skipped/>
  </testcase> <!-- validate -->
  <testcase classname="com.outreach.testcases.Test_7_Random_Location" name="validate" time="0.0">
    <skipped/>
  </testcase> <!-- validate -->
  <testcase classname="com.outreach.testcases.Test_8_click_my_volunteering" name="click_vol" time="0.0">
    <skipped/>
  </testcase> <!-- click_vol -->
  <testcase classname="com.outreach.testcases.Test_9_fetch_volunteer_cards" name="fetch_cards" time="0.0">
    <skipped/>
  </testcase> <!-- fetch_cards -->
  <testcase classname="com.outreach.testcases.BaseTest" name="@BeforeTest setup" time="0.0">
    <ignored/>
  </testcase> <!-- @BeforeTest setup -->
  <testcase classname="com.outreach.testcases.BaseTest" name="@AfterTest tearDown" time="0.0">
    <ignored/>
  </testcase> <!-- @AfterTest tearDown -->
  <testcase classname="com.outreach.testcases.BaseTest" name="@BeforeTest setup" time="0.0">
    <ignored/>
  </testcase> <!-- @BeforeTest setup -->
  <testcase classname="com.outreach.testcases.BaseTest" name="@BeforeTest setup" time="0.0">
    <ignored/>
  </testcase> <!-- @BeforeTest setup -->
  <testcase classname="com.outreach.testcases.BaseTest" name="@AfterTest tearDown" time="0.0">
    <ignored/>
  </testcase> <!-- @AfterTest tearDown -->
  <testcase classname="com.outreach.testcases.BaseTest" name="@AfterTest tearDown" time="0.0">
    <ignored/>
  </testcase> <!-- @AfterTest tearDown -->
  <testcase classname="com.outreach.testcases.BaseTest" name="@BeforeTest setup" time="0.0">
    <ignored/>
  </testcase> <!-- @BeforeTest setup -->
  <testcase classname="com.outreach.testcases.BaseTest" name="@BeforeTest setup" time="0.0">
    <ignored/>
  </testcase> <!-- @BeforeTest setup -->
  <testcase classname="com.outreach.testcases.BaseTest" name="@BeforeTest setup" time="0.0">
    <ignored/>
  </testcase> <!-- @BeforeTest setup -->
  <testcase classname="com.outreach.testcases.BaseTest" name="@AfterTest tearDown" time="0.0">
    <ignored/>
  </testcase> <!-- @AfterTest tearDown -->
  <testcase classname="com.outreach.testcases.BaseTest" name="@AfterTest tearDown" time="0.0">
    <ignored/>
  </testcase> <!-- @AfterTest tearDown -->
  <testcase classname="com.outreach.testcases.BaseTest" name="@BeforeTest setup" time="0.0">
    <ignored/>
  </testcase> <!-- @BeforeTest setup -->
  <testcase classname="com.outreach.testcases.BaseTest" name="@BeforeTest setup" time="0.0">
    <ignored/>
  </testcase> <!-- @BeforeTest setup -->
  <testcase classname="com.outreach.testcases.BaseTest" name="@BeforeTest setup" time="0.0">
    <ignored/>
  </testcase> <!-- @BeforeTest setup -->
  <testcase classname="com.outreach.testcases.BaseTest" name="@AfterTest tearDown" time="0.0">
    <ignored/>
  </testcase> <!-- @AfterTest tearDown -->
  <testcase classname="com.outreach.testcases.BaseTest" name="@AfterTest tearDown" time="0.0">
    <ignored/>
  </testcase> <!-- @AfterTest tearDown -->
  <testcase classname="com.outreach.testcases.BaseTest" name="@AfterTest tearDown" time="0.0">
    <ignored/>
  </testcase> <!-- @AfterTest tearDown -->
  <testcase classname="com.outreach.testcases.BaseTest" name="@AfterTest tearDown" time="0.0">
    <ignored/>
  </testcase> <!-- @AfterTest tearDown -->
</testsuite> <!-- Test1 -->
